Copyright 1986-2022 Xilinx, Inc. All Rights Reserved.
--------------------------------------------------------------------------------------------
| Tool Version : Vivado v.2022.1 (lin64) Build 3526262 Mon Apr 18 15:47:01 MDT 2022
| Date         : Mon Aug 11 14:39:58 2025
| Host         : jakub-B365-HD3 running 64-bit Ubuntu 20.04.6 LTS
| Command      : report_control_sets -verbose -file ip_counter_v1_0_control_sets_placed.rpt
| Design       : ip_counter_v1_0
| Device       : xc7z010
--------------------------------------------------------------------------------------------

Control Set Information

Table of Contents
-----------------
1. Summary
2. Histogram
3. Flip-Flop Distribution
4. Detailed Control Set Information

1. Summary
----------

+----------------------------------------------------------+-------+
|                          Status                          | Count |
+----------------------------------------------------------+-------+
| Total control sets                                       |     4 |
|    Minimum number of control sets                        |     4 |
|    Addition due to synthesis replication                 |     0 |
|    Addition due to physical synthesis replication        |     0 |
| Unused register locations in slices containing registers |     8 |
+----------------------------------------------------------+-------+
* Control sets can be merged at opt_design using control_set_merge or merge_equivalent_drivers
** Run report_qor_suggestions for automated merging and remapping suggestions


2. Histogram
------------

+--------------------+-------+
|       Fanout       | Count |
+--------------------+-------+
| Total control sets |     4 |
| >= 0 to < 4        |     1 |
| >= 4 to < 6        |     0 |
| >= 6 to < 8        |     0 |
| >= 8 to < 10       |     0 |
| >= 10 to < 12      |     0 |
| >= 12 to < 14      |     0 |
| >= 14 to < 16      |     0 |
| >= 16              |     3 |
+--------------------+-------+
* Control sets can be remapped at either synth_design or opt_design


3. Flip-Flop Distribution
-------------------------

+--------------+-----------------------+------------------------+-----------------+--------------+
| Clock Enable | Synchronous Set/Reset | Asynchronous Set/Reset | Total Registers | Total Slices |
+--------------+-----------------------+------------------------+-----------------+--------------+
| No           | No                    | No                     |               0 |            0 |
| No           | No                    | Yes                    |               0 |            0 |
| No           | Yes                   | No                     |              38 |           17 |
| Yes          | No                    | No                     |               0 |            0 |
| Yes          | No                    | Yes                    |               0 |            0 |
| Yes          | Yes                   | No                     |              66 |           17 |
+--------------+-----------------------+------------------------+-----------------+--------------+


4. Detailed Control Set Information
-----------------------------------

+-------------------------+-------------------------------------------+----------------------------------------------------+------------------+----------------+--------------+
|       Clock Signal      |               Enable Signal               |                  Set/Reset Signal                  | Slice Load Count | Bel Load Count | Bels / Slice |
+-------------------------+-------------------------------------------+----------------------------------------------------+------------------+----------------+--------------+
|  s00_axi_aclk_IBUF_BUFG | ip_counter_v1_0_S00_AXI_inst/axi_arready0 | ip_counter_v1_0_S00_AXI_inst/clear                 |                1 |              2 |         2.00 |
|  s00_axi_aclk_IBUF_BUFG | ip_counter_v1_0_S00_AXI_inst/counter      | ip_counter_v1_0_S00_AXI_inst/clear                 |                8 |             32 |         4.00 |
|  s00_axi_aclk_IBUF_BUFG | ip_counter_v1_0_S00_AXI_inst/slv_reg_rden | ip_counter_v1_0_S00_AXI_inst/axi_rdata[31]_i_1_n_0 |                8 |             32 |         4.00 |
|  s00_axi_aclk_IBUF_BUFG |                                           | ip_counter_v1_0_S00_AXI_inst/clear                 |               17 |             38 |         2.24 |
+-------------------------+-------------------------------------------+----------------------------------------------------+------------------+----------------+--------------+


